<?xml version="1.0" encoding="UTF-8"?>
<!-- Generated by org.testng.reporters.JUnitXMLReporter -->
<testsuite ignored="2" hostname="DESKTOP-7O6QIK2" failures="0" tests="3" name="OrangeHRMLaunch" time="13.797" errors="0" timestamp="2022-06-15T09:57:51 IST">
  <testcase classname="TestNGBasic.class1" name="LaunchApp" time="6.946"/>
  <testcase classname="TestNGBasic.class1" name="EnterLoginDetails" time="5.218"/>
  <testcase classname="TestNGBasic.class1" name="VerifyLogin" time="0.062"/>
  <testcase classname="TestNGBasic.class1" name="VerifyMyInfo" time="0.0">
    <ignored/>
  </testcase> <!-- VerifyMyInfo -->
  <testcase classname="TestNGBasic.class1" name="NavigateToMyInfo" time="0.0">
    <ignored/>
  </testcase> <!-- NavigateToMyInfo -->
</testsuite> <!-- OrangeHRMLaunch -->
