<?xml version="1.0" encoding="UTF-8"?>
<!-- Generated by org.testng.reporters.JUnitXMLReporter -->
<testsuite ignored="2" hostname="DESKTOP-7O6QIK2" failures="0" tests="3" name="OrangeHRMLaunch" time="10.31" errors="0" timestamp="2022-06-13T11:59:00 IST">
  <testcase classname="TestNGBasic.class1" name="LaunchApp" time="3.786"/>
  <testcase classname="TestNGBasic.class1" name="EnterLoginDetails" time="4.941"/>
  <testcase classname="TestNGBasic.class1" name="VerifyLogin" time="0.049"/>
  <testcase classname="TestNGBasic.class1" name="VerifyMyInfo" time="0.0">
    <ignored/>
  </testcase> <!-- VerifyMyInfo -->
  <testcase classname="TestNGBasic.class1" name="NavigateToMyInfo" time="0.0">
    <ignored/>
  </testcase> <!-- NavigateToMyInfo -->
</testsuite> <!-- OrangeHRMLaunch -->
