<?xml version="1.0" encoding="UTF-8"?>
<!-- Generated by org.testng.reporters.JUnitXMLReporter -->
<testsuite ignored="1" hostname="DESKTOP-7O6QIK2" failures="0" tests="4" name="OrangeHRMMyInfo" time="13.855" errors="0" timestamp="2022-06-15T09:57:51 IST">
  <testcase classname="TestNGBasic.class1" name="LaunchApp" time="4.777"/>
  <testcase classname="TestNGBasic.class1" name="EnterLoginDetails" time="5.167"/>
  <testcase classname="TestNGBasic.class1" name="NavigateToMyInfo" time="2.278"/>
  <testcase classname="TestNGBasic.class1" name="VerifyMyInfo" time="0.096"/>
  <testcase classname="TestNGBasic.class1" name="VerifyLogin" time="0.0">
    <ignored/>
  </testcase> <!-- VerifyLogin -->
</testsuite> <!-- OrangeHRMMyInfo -->
