<?xml version="1.0" encoding="UTF-8"?>
<!-- Generated by org.testng.reporters.JUnitXMLReporter -->
<testsuite ignored="1" hostname="DESKTOP-7O6QIK2" failures="0" tests="4" name="OrangeHRMMyInfo" time="22.458" errors="0" timestamp="2022-06-13T11:59:13 IST">
  <testcase classname="TestNGBasic.class1" name="LaunchApp" time="4.019"/>
  <testcase classname="TestNGBasic.class1" name="EnterLoginDetails" time="5.128"/>
  <testcase classname="TestNGBasic.class1" name="NavigateToMyInfo" time="11.801"/>
  <testcase classname="TestNGBasic.class1" name="VerifyMyInfo" time="0.033"/>
  <testcase classname="TestNGBasic.class1" name="VerifyLogin" time="0.0">
    <ignored/>
  </testcase> <!-- VerifyLogin -->
</testsuite> <!-- OrangeHRMMyInfo -->
