<?xml version="1.0" encoding="UTF-8"?>
<!-- Generated by org.testng.reporters.JUnitXMLReporter -->
<testsuite ignored="0" hostname="DESKTOP-7O6QIK2" failures="0" tests="4" name="Test" time="11.581" errors="0" timestamp="2022-06-13T22:54:47 IST">
  <testcase classname="TestNGBasic.implicity" name="clickLogin" time="0.445"/>
  <testcase classname="TestNGBasic.implicity" name="enterTheInput" time="5.581"/>
  <testcase classname="TestNGBasic.implicity" name="enterTheInput" time="2.278"/>
  <testcase classname="TestNGBasic.implicity" name="enterTheInput" time="2.283"/>
</testsuite> <!-- Test -->
