<?xml version="1.0" encoding="UTF-8"?>
<!-- Generated by org.testng.reporters.JUnitXMLReporter -->
<testsuite ignored="0" hostname="DESKTOP-7O6QIK2" failures="0" tests="4" name="Test" time="13.04" errors="0" timestamp="2022-06-26T12:09:43 IST">
  <testcase classname="TestNGBasic.implicity" name="clickLogin" time="0.313"/>
  <testcase classname="TestNGBasic.implicity" name="enterTheInput" time="6.246"/>
  <testcase classname="TestNGBasic.implicity" name="enterTheInput" time="2.489"/>
  <testcase classname="TestNGBasic.implicity" name="enterTheInput" time="2.412"/>
</testsuite> <!-- Test -->
