<?xml version="1.0" encoding="UTF-8"?>
<testng-results ignored="0" total="1" passed="1" failed="0" skipped="0">
  <reporter-output>
  </reporter-output>
  <suite started-at="2022-06-26T14:56:18 IST" name="Default suite" finished-at="2022-06-26T14:56:39 IST" duration-ms="20873">
    <groups>
    </groups>
    <test started-at="2022-06-26T14:56:18 IST" name="Default test" finished-at="2022-06-26T14:56:39 IST" duration-ms="20873">
      <class name="TestNGBasic.google">
        <test-method is-config="true" signature="openGoogle()[pri:0, instance:TestNGBasic.google@5477a1ca]" started-at="2022-06-26T14:56:19 IST" name="openGoogle" finished-at="2022-06-26T14:56:20 IST" duration-ms="1722" status="PASS">
          <reporter-output>
          </reporter-output>
        </test-method> <!-- openGoogle -->
        <test-method signature="enterTheSearch(java.lang.String)[pri:0, instance:TestNGBasic.google@5477a1ca]" started-at="2022-06-26T14:56:20 IST" name="enterTheSearch" finished-at="2022-06-26T14:56:39 IST" duration-ms="18716" status="PASS">
          <params>
            <param index="0">
              <value>
                <![CDATA[https://www.google.com]]>
              </value>
            </param>
          </params>
          <reporter-output>
          </reporter-output>
        </test-method> <!-- enterTheSearch -->
        <test-method is-config="true" signature="tearDown()[pri:0, instance:TestNGBasic.google@5477a1ca]" started-at="2022-06-26T14:56:39 IST" name="tearDown" finished-at="2022-06-26T14:56:39 IST" duration-ms="387" status="PASS">
          <reporter-output>
          </reporter-output>
        </test-method> <!-- tearDown -->
      </class> <!-- TestNGBasic.google -->
    </test> <!-- Default test -->
  </suite> <!-- Default suite -->
</testng-results>
