<?xml version="1.0" encoding="UTF-8"?>
<!-- Generated by org.testng.reporters.JUnitXMLReporter -->
<testsuite ignored="0" hostname="DESKTOP-7O6QIK2" failures="0" tests="5" name="Command line test" time="45.803" errors="0" timestamp="2022-06-25T23:19:00 IST">
  <testcase classname="TestNGBasic.class1" name="LaunchApp" time="15.888"/>
  <testcase classname="TestNGBasic.class1" name="EnterLoginDetails" time="24.057"/>
  <testcase classname="TestNGBasic.class1" name="VerifyLogin" time="0.061"/>
  <testcase classname="TestNGBasic.class1" name="NavigateToMyInfo" time="3.005"/>
  <testcase classname="TestNGBasic.class1" name="VerifyMyInfo" time="0.037"/>
</testsuite> <!-- Command line test -->
