<?xml version="1.0" encoding="UTF-8"?>
<!-- Generated by org.testng.reporters.JUnitXMLReporter -->
<testsuite ignored="0" hostname="DESKTOP-7O6QIK2" failures="0" tests="3" name="Default test" time="17.165" errors="0" timestamp="2022-07-18T12:14:17 IST">
  <testcase classname="TestNGBasic.implicity" name="enterTheInput" time="5.768"/>
  <testcase classname="TestNGBasic.implicity" name="enterTheInput" time="4.235"/>
  <testcase classname="TestNGBasic.implicity" name="enterTheInput" time="3.676"/>
</testsuite> <!-- Default test -->
