<?xml version="1.0" encoding="UTF-8"?>
<!-- Generated by org.testng.reporters.JUnitXMLReporter -->
<testsuite ignored="0" hostname="DESKTOP-7O6QIK2" failures="0" tests="4" name="Default test" time="15.784" errors="0" timestamp="2022-07-12T12:59:41 IST">
  <testcase classname="TestNGBasic.implicity" name="clickLogin" time="0.419"/>
  <testcase classname="TestNGBasic.implicity" name="enterTheInput" time="5.818"/>
  <testcase classname="TestNGBasic.implicity" name="enterTheInput" time="3.078"/>
  <testcase classname="TestNGBasic.implicity" name="enterTheInput" time="3.093"/>
</testsuite> <!-- Default test -->
